<?xml version="1.0" encoding="UTF-8"?>
<coverage generated="1628269074012" clover="3.2.0">
  <project timestamp="1628269074012" name="All files">
    <metrics statements="58" coveredstatements="58" conditionals="28" coveredconditionals="28" methods="16" coveredmethods="16" elements="102" coveredelements="102" complexity="0" loc="58" ncloc="58" packages="1" files="2" classes="2"/>
    <file name="Slice.ts" path="/home/planttheidea/git/redux-slices/src/Slice.ts">
      <metrics statements="57" coveredstatements="57" conditionals="28" coveredconditionals="28" methods="15" coveredmethods="15"/>
      <line num="13" count="2" type="stmt"/>
      <line num="16" count="5" type="cond" truecount="2" falsecount="0"/>
      <line num="17" count="2" type="stmt"/>
      <line num="20" count="5" type="stmt"/>
      <line num="31" count="9" type="stmt"/>
      <line num="39" count="10" type="cond" truecount="2" falsecount="0"/>
      <line num="40" count="1" type="stmt"/>
      <line num="46" count="9" type="stmt"/>
      <line num="47" count="9" type="stmt"/>
      <line num="48" count="9" type="stmt"/>
      <line num="49" count="9" type="stmt"/>
      <line num="51" count="9" type="stmt"/>
      <line num="52" count="9" type="stmt"/>
      <line num="74" count="13" type="stmt"/>
      <line num="82" count="13" type="cond" truecount="2" falsecount="0"/>
      <line num="83" count="5" type="cond" truecount="2" falsecount="0"/>
      <line num="84" count="2" type="stmt"/>
      <line num="85" count="2" type="stmt"/>
      <line num="92" count="3" type="stmt"/>
      <line num="93" count="3" type="stmt"/>
      <line num="99" count="8" type="cond" truecount="2" falsecount="0"/>
      <line num="100" count="1" type="stmt"/>
      <line num="101" count="1" type="stmt"/>
      <line num="107" count="7" type="stmt"/>
      <line num="108" count="5" type="stmt"/>
      <line num="113" count="13" type="stmt"/>
      <line num="115" count="13" type="stmt"/>
      <line num="135" count="8" type="stmt"/>
      <line num="137" count="8" type="stmt"/>
      <line num="140" count="8" type="stmt"/>
      <line num="142" count="14" type="stmt"/>
      <line num="143" count="14" type="stmt"/>
      <line num="145" count="14" type="stmt"/>
      <line num="147" count="14" type="stmt"/>
      <line num="149" count="14" type="cond" truecount="2" falsecount="0"/>
      <line num="150" count="6" type="stmt"/>
      <line num="151" count="9" type="cond" truecount="2" falsecount="0"/>
      <line num="152" count="2" type="stmt"/>
      <line num="153" count="2" type="stmt"/>
      <line num="158" count="14" type="cond" truecount="2" falsecount="0"/>
      <line num="159" count="10" type="stmt"/>
      <line num="160" count="10" type="stmt"/>
      <line num="163" count="14" type="stmt"/>
      <line num="170" count="6" type="stmt"/>
      <line num="172" count="6" type="cond" truecount="2" falsecount="0"/>
      <line num="173" count="2" type="stmt"/>
      <line num="176" count="3" type="stmt"/>
      <line num="179" count="4" type="cond" truecount="4" falsecount="0"/>
      <line num="180" count="3" type="stmt"/>
      <line num="184" count="7" type="stmt"/>
      <line num="186" count="7" type="cond" truecount="2" falsecount="0"/>
      <line num="190" count="1" type="stmt"/>
      <line num="206" count="6" type="stmt"/>
      <line num="209" count="6" type="stmt"/>
      <line num="211" count="6" type="stmt"/>
      <line num="213" count="6" type="stmt"/>
      <line num="215" count="6" type="stmt"/>
    </file>
    <file name="index.ts" path="/home/planttheidea/git/redux-slices/src/index.ts">
      <metrics statements="1" coveredstatements="1" conditionals="0" coveredconditionals="0" methods="1" coveredmethods="1"/>
      <line num="16" count="3" type="stmt"/>
    </file>
  </project>
</coverage>
