{"/home/planttheidea/git/redux-slices/src/Slice.ts": {"path":"/home/planttheidea/git/redux-slices/src/Slice.ts","statementMap":{"0":{"start":{"line":13,"column":14},"end":{"line":13,"column":35}},"1":{"start":{"line":16,"column":2},"end":{"line":18,"column":3}},"2":{"start":{"line":17,"column":4},"end":{"line":17,"column":24}},"3":{"start":{"line":20,"column":2},"end":{"line":20,"column":16}},"4":{"start":{"line":31,"column":2},"end":{"line":31,"column":17}},"5":{"start":{"line":39,"column":4},"end":{"line":43,"column":5}},"6":{"start":{"line":40,"column":6},"end":{"line":42,"column":8}},"7":{"start":{"line":46,"column":4},"end":{"line":46,"column":53}},"8":{"start":{"line":47,"column":4},"end":{"line":47,"column":73}},"9":{"start":{"line":48,"column":4},"end":{"line":48,"column":55}},"10":{"start":{"line":49,"column":4},"end":{"line":49,"column":57}},"11":{"start":{"line":51,"column":4},"end":{"line":51,"column":56}},"12":{"start":{"line":52,"column":4},"end":{"line":52,"column":21}},"13":{"start":{"line":74,"column":17},"end":{"line":74,"column":56}},"14":{"start":{"line":82,"column":4},"end":{"line":110,"column":5}},"15":{"start":{"line":83,"column":6},"end":{"line":98,"column":7}},"16":{"start":{"line":84,"column":8},"end":{"line":90,"column":10}},"17":{"start":{"line":85,"column":10},"end":{"line":89,"column":13}},"18":{"start":{"line":92,"column":8},"end":{"line":97,"column":10}},"19":{"start":{"line":93,"column":10},"end":{"line":96,"column":13}},"20":{"start":{"line":99,"column":11},"end":{"line":110,"column":5}},"21":{"start":{"line":100,"column":6},"end":{"line":105,"column":8}},"22":{"start":{"line":101,"column":8},"end":{"line":104,"column":10}},"23":{"start":{"line":107,"column":6},"end":{"line":109,"column":8}},"24":{"start":{"line":108,"column":8},"end":{"line":108,"column":24}},"25":{"start":{"line":113,"column":4},"end":{"line":113,"column":66}},"26":{"start":{"line":115,"column":4},"end":{"line":119,"column":30}},"27":{"start":{"line":135,"column":17},"end":{"line":135,"column":26}},"28":{"start":{"line":137,"column":19},"end":{"line":137,"column":48}},"29":{"start":{"line":140,"column":4},"end":{"line":164,"column":56}},"30":{"start":{"line":142,"column":19},"end":{"line":142,"column":59}},"31":{"start":{"line":143,"column":19},"end":{"line":143,"column":30}},"32":{"start":{"line":145,"column":6},"end":{"line":145,"column":28}},"33":{"start":{"line":147,"column":25},"end":{"line":147,"column":49}},"34":{"start":{"line":149,"column":6},"end":{"line":156,"column":7}},"35":{"start":{"line":150,"column":8},"end":{"line":155,"column":9}},"36":{"start":{"line":150,"column":25},"end":{"line":150,"column":26}},"37":{"start":{"line":151,"column":10},"end":{"line":154,"column":11}},"38":{"start":{"line":152,"column":12},"end":{"line":152,"column":32}},"39":{"start":{"line":153,"column":12},"end":{"line":153,"column":18}},"40":{"start":{"line":158,"column":6},"end":{"line":161,"column":7}},"41":{"start":{"line":159,"column":8},"end":{"line":159,"column":24}},"42":{"start":{"line":160,"column":8},"end":{"line":160,"column":48}},"43":{"start":{"line":163,"column":6},"end":{"line":163,"column":24}},"44":{"start":{"line":170,"column":25},"end":{"line":170,"column":42}},"45":{"start":{"line":172,"column":4},"end":{"line":177,"column":5}},"46":{"start":{"line":173,"column":6},"end":{"line":176,"column":34}},"47":{"start":{"line":176,"column":11},"end":{"line":176,"column":33}},"48":{"start":{"line":179,"column":4},"end":{"line":188,"column":5}},"49":{"start":{"line":180,"column":6},"end":{"line":187,"column":8}},"50":{"start":{"line":184,"column":24},"end":{"line":184,"column":44}},"51":{"start":{"line":186,"column":8},"end":{"line":186,"column":56}},"52":{"start":{"line":190,"column":4},"end":{"line":192,"column":6}},"53":{"start":{"line":206,"column":17},"end":{"line":206,"column":26}},"54":{"start":{"line":209,"column":4},"end":{"line":216,"column":56}},"55":{"start":{"line":211,"column":19},"end":{"line":211,"column":59}},"56":{"start":{"line":213,"column":6},"end":{"line":213,"column":28}},"57":{"start":{"line":215,"column":6},"end":{"line":215,"column":40}}},"fnMap":{"0":{"name":"applyErrorToAction","decl":{"start":{"line":15,"column":9},"end":{"line":15,"column":27}},"loc":{"start":{"line":15,"column":51},"end":{"line":21,"column":1}},"line":15},"1":{"name":"isStrictlyEqual","decl":{"start":{"line":30,"column":9},"end":{"line":30,"column":24}},"loc":{"start":{"line":30,"column":41},"end":{"line":32,"column":1}},"line":30},"2":{"name":"(anonymous_2)","decl":{"start":{"line":38,"column":2},"end":{"line":38,"column":3}},"loc":{"start":{"line":38,"column":61},"end":{"line":53,"column":3}},"line":38},"3":{"name":"(anonymous_3)","decl":{"start":{"line":69,"column":2},"end":{"line":69,"column":3}},"loc":{"start":{"line":73,"column":4},"end":{"line":120,"column":3}},"line":73},"4":{"name":"(anonymous_4)","decl":{"start":{"line":84,"column":24},"end":{"line":84,"column":25}},"loc":{"start":{"line":84,"column":36},"end":{"line":90,"column":9}},"line":84},"5":{"name":"(anonymous_5)","decl":{"start":{"line":92,"column":24},"end":{"line":92,"column":25}},"loc":{"start":{"line":92,"column":36},"end":{"line":97,"column":9}},"line":92},"6":{"name":"(anonymous_6)","decl":{"start":{"line":100,"column":22},"end":{"line":100,"column":23}},"loc":{"start":{"line":100,"column":34},"end":{"line":105,"column":7}},"line":100},"7":{"name":"(anonymous_7)","decl":{"start":{"line":107,"column":22},"end":{"line":107,"column":23}},"loc":{"start":{"line":107,"column":34},"end":{"line":109,"column":7}},"line":107},"8":{"name":"(anonymous_8)","decl":{"start":{"line":129,"column":2},"end":{"line":129,"column":3}},"loc":{"start":{"line":132,"column":4},"end":{"line":165,"column":3}},"line":132},"9":{"name":"(anonymous_9)","decl":{"start":{"line":140,"column":11},"end":{"line":140,"column":12}},"loc":{"start":{"line":140,"column":54},"end":{"line":164,"column":5}},"line":140},"10":{"name":"(anonymous_10)","decl":{"start":{"line":167,"column":2},"end":{"line":167,"column":3}},"loc":{"start":{"line":169,"column":4},"end":{"line":193,"column":3}},"line":169},"11":{"name":"(anonymous_11)","decl":{"start":{"line":173,"column":13},"end":{"line":173,"column":14}},"loc":{"start":{"line":176,"column":11},"end":{"line":176,"column":33}},"line":176},"12":{"name":"(anonymous_12)","decl":{"start":{"line":180,"column":13},"end":{"line":180,"column":14}},"loc":{"start":{"line":183,"column":11},"end":{"line":187,"column":7}},"line":183},"13":{"name":"(anonymous_13)","decl":{"start":{"line":201,"column":2},"end":{"line":201,"column":3}},"loc":{"start":{"line":203,"column":4},"end":{"line":217,"column":3}},"line":203},"14":{"name":"(anonymous_14)","decl":{"start":{"line":209,"column":11},"end":{"line":209,"column":12}},"loc":{"start":{"line":209,"column":54},"end":{"line":216,"column":5}},"line":209}},"branchMap":{"0":{"loc":{"start":{"line":16,"column":2},"end":{"line":18,"column":3}},"type":"if","locations":[{"start":{"line":16,"column":2},"end":{"line":18,"column":3}},{"start":{"line":16,"column":2},"end":{"line":18,"column":3}}],"line":16},"1":{"loc":{"start":{"line":38,"column":26},"end":{"line":38,"column":59}},"type":"default-arg","locations":[{"start":{"line":38,"column":48},"end":{"line":38,"column":59}}],"line":38},"2":{"loc":{"start":{"line":39,"column":4},"end":{"line":43,"column":5}},"type":"if","locations":[{"start":{"line":39,"column":4},"end":{"line":43,"column":5}},{"start":{"line":39,"column":4},"end":{"line":43,"column":5}}],"line":39},"3":{"loc":{"start":{"line":82,"column":4},"end":{"line":110,"column":5}},"type":"if","locations":[{"start":{"line":82,"column":4},"end":{"line":110,"column":5}},{"start":{"line":82,"column":4},"end":{"line":110,"column":5}}],"line":82},"4":{"loc":{"start":{"line":83,"column":6},"end":{"line":98,"column":7}},"type":"if","locations":[{"start":{"line":83,"column":6},"end":{"line":98,"column":7}},{"start":{"line":83,"column":6},"end":{"line":98,"column":7}}],"line":83},"5":{"loc":{"start":{"line":99,"column":11},"end":{"line":110,"column":5}},"type":"if","locations":[{"start":{"line":99,"column":11},"end":{"line":110,"column":5}},{"start":{"line":99,"column":11},"end":{"line":110,"column":5}}],"line":99},"6":{"loc":{"start":{"line":131,"column":4},"end":{"line":131,"column":29}},"type":"default-arg","locations":[{"start":{"line":131,"column":14},"end":{"line":131,"column":29}}],"line":131},"7":{"loc":{"start":{"line":149,"column":6},"end":{"line":156,"column":7}},"type":"if","locations":[{"start":{"line":149,"column":6},"end":{"line":156,"column":7}},{"start":{"line":149,"column":6},"end":{"line":156,"column":7}}],"line":149},"8":{"loc":{"start":{"line":151,"column":10},"end":{"line":154,"column":11}},"type":"if","locations":[{"start":{"line":151,"column":10},"end":{"line":154,"column":11}},{"start":{"line":151,"column":10},"end":{"line":154,"column":11}}],"line":151},"9":{"loc":{"start":{"line":158,"column":6},"end":{"line":161,"column":7}},"type":"if","locations":[{"start":{"line":158,"column":6},"end":{"line":161,"column":7}},{"start":{"line":158,"column":6},"end":{"line":161,"column":7}}],"line":158},"10":{"loc":{"start":{"line":172,"column":4},"end":{"line":177,"column":5}},"type":"if","locations":[{"start":{"line":172,"column":4},"end":{"line":177,"column":5}},{"start":{"line":172,"column":4},"end":{"line":177,"column":5}}],"line":172},"11":{"loc":{"start":{"line":174,"column":8},"end":{"line":174,"column":35}},"type":"default-arg","locations":[{"start":{"line":174,"column":23},"end":{"line":174,"column":35}}],"line":174},"12":{"loc":{"start":{"line":179,"column":4},"end":{"line":188,"column":5}},"type":"if","locations":[{"start":{"line":179,"column":4},"end":{"line":188,"column":5}},{"start":{"line":179,"column":4},"end":{"line":188,"column":5}}],"line":179},"13":{"loc":{"start":{"line":179,"column":8},"end":{"line":179,"column":55}},"type":"binary-expr","locations":[{"start":{"line":179,"column":8},"end":{"line":179,"column":35}},{"start":{"line":179,"column":39},"end":{"line":179,"column":55}}],"line":179},"14":{"loc":{"start":{"line":181,"column":8},"end":{"line":181,"column":35}},"type":"default-arg","locations":[{"start":{"line":181,"column":23},"end":{"line":181,"column":35}}],"line":181},"15":{"loc":{"start":{"line":186,"column":15},"end":{"line":186,"column":55}},"type":"cond-expr","locations":[{"start":{"line":186,"column":25},"end":{"line":186,"column":47}},{"start":{"line":186,"column":50},"end":{"line":186,"column":55}}],"line":186}},"s":{"0":2,"1":5,"2":2,"3":5,"4":9,"5":10,"6":1,"7":9,"8":9,"9":9,"10":9,"11":9,"12":9,"13":13,"14":13,"15":5,"16":2,"17":2,"18":3,"19":3,"20":8,"21":1,"22":1,"23":7,"24":5,"25":13,"26":13,"27":8,"28":8,"29":8,"30":14,"31":14,"32":14,"33":14,"34":14,"35":6,"36":6,"37":9,"38":2,"39":2,"40":14,"41":10,"42":10,"43":14,"44":6,"45":6,"46":2,"47":3,"48":4,"49":3,"50":7,"51":7,"52":1,"53":6,"54":6,"55":6,"56":6,"57":6},"f":{"0":5,"1":9,"2":10,"3":13,"4":2,"5":3,"6":1,"7":5,"8":8,"9":14,"10":6,"11":3,"12":7,"13":6,"14":6},"b":{"0":[2,3],"1":[3],"2":[1,9],"3":[5,8],"4":[2,3],"5":[1,7],"6":[8],"7":[6,8],"8":[2,7],"9":[10,4],"10":[2,4],"11":[2],"12":[3,1],"13":[4,4],"14":[4],"15":[3,4]},"_coverageSchema":"1a1c01bbd47fc00a2c39e90264f33305004495a9","hash":"0939d3108ba81d0116041e13b36323a1f883fa58"}
,"/home/planttheidea/git/redux-slices/src/index.ts": {"path":"/home/planttheidea/git/redux-slices/src/index.ts","statementMap":{"0":{"start":{"line":16,"column":2},"end":{"line":16,"column":39}}},"fnMap":{"0":{"name":"createSlice","decl":{"start":{"line":12,"column":16},"end":{"line":12,"column":27}},"loc":{"start":{"line":15,"column":2},"end":{"line":17,"column":1}},"line":15}},"branchMap":{},"s":{"0":3},"f":{"0":3},"b":{},"_coverageSchema":"1a1c01bbd47fc00a2c39e90264f33305004495a9","hash":"42fa9dad2eb577346e67438668cda7777fb727e1"}
}
