{"/home/planttheidea/git/redux-slices/src/Slice.ts": {"path":"/home/planttheidea/git/redux-slices/src/Slice.ts","statementMap":{"0":{"start":{"line":28,"column":4},"end":{"line":28,"column":67}},"1":{"start":{"line":29,"column":4},"end":{"line":29,"column":21}},"2":{"start":{"line":30,"column":4},"end":{"line":30,"column":27}},"3":{"start":{"line":31,"column":4},"end":{"line":31,"column":52}},"4":{"start":{"line":33,"column":4},"end":{"line":33,"column":24}}},"fnMap":{"0":{"name":"(anonymous_0)","decl":{"start":{"line":22,"column":2},"end":{"line":22,"column":3}},"loc":{"start":{"line":27,"column":74},"end":{"line":34,"column":3}},"line":27}},"branchMap":{"0":{"loc":{"start":{"line":28,"column":26},"end":{"line":28,"column":66}},"type":"binary-expr","locations":[{"start":{"line":28,"column":26},"end":{"line":28,"column":40}},{"start":{"line":28,"column":45},"end":{"line":28,"column":65}}],"line":28},"1":{"loc":{"start":{"line":31,"column":21},"end":{"line":31,"column":51}},"type":"binary-expr","locations":[{"start":{"line":31,"column":21},"end":{"line":31,"column":30}},{"start":{"line":31,"column":35},"end":{"line":31,"column":50}}],"line":31}},"s":{"0":7,"1":7,"2":7,"3":7,"4":7},"f":{"0":7},"b":{"0":[7,4],"1":[7,4]},"_coverageSchema":"1a1c01bbd47fc00a2c39e90264f33305004495a9","hash":"41a1cf73b4c899a1f5a6c4e911fe238d75bddee8"}
,"/home/planttheidea/git/redux-slices/src/SliceBuilder.ts": {"path":"/home/planttheidea/git/redux-slices/src/SliceBuilder.ts","statementMap":{"0":{"start":{"line":17,"column":14},"end":{"line":17,"column":35}},"1":{"start":{"line":20,"column":2},"end":{"line":22,"column":3}},"2":{"start":{"line":21,"column":4},"end":{"line":21,"column":24}},"3":{"start":{"line":24,"column":2},"end":{"line":24,"column":16}},"4":{"start":{"line":35,"column":2},"end":{"line":35,"column":17}},"5":{"start":{"line":43,"column":4},"end":{"line":47,"column":5}},"6":{"start":{"line":44,"column":6},"end":{"line":46,"column":8}},"7":{"start":{"line":50,"column":4},"end":{"line":50,"column":53}},"8":{"start":{"line":51,"column":4},"end":{"line":51,"column":73}},"9":{"start":{"line":52,"column":4},"end":{"line":52,"column":55}},"10":{"start":{"line":53,"column":4},"end":{"line":53,"column":57}},"11":{"start":{"line":54,"column":4},"end":{"line":54,"column":51}},"12":{"start":{"line":56,"column":4},"end":{"line":56,"column":56}},"13":{"start":{"line":57,"column":4},"end":{"line":57,"column":21}},"14":{"start":{"line":79,"column":17},"end":{"line":79,"column":56}},"15":{"start":{"line":87,"column":4},"end":{"line":115,"column":5}},"16":{"start":{"line":88,"column":6},"end":{"line":103,"column":7}},"17":{"start":{"line":89,"column":8},"end":{"line":95,"column":10}},"18":{"start":{"line":90,"column":10},"end":{"line":94,"column":13}},"19":{"start":{"line":97,"column":8},"end":{"line":102,"column":10}},"20":{"start":{"line":98,"column":10},"end":{"line":101,"column":13}},"21":{"start":{"line":104,"column":11},"end":{"line":115,"column":5}},"22":{"start":{"line":105,"column":6},"end":{"line":110,"column":8}},"23":{"start":{"line":106,"column":8},"end":{"line":109,"column":10}},"24":{"start":{"line":112,"column":6},"end":{"line":114,"column":8}},"25":{"start":{"line":113,"column":8},"end":{"line":113,"column":24}},"26":{"start":{"line":118,"column":4},"end":{"line":118,"column":66}},"27":{"start":{"line":120,"column":4},"end":{"line":124,"column":30}},"28":{"start":{"line":140,"column":17},"end":{"line":140,"column":26}},"29":{"start":{"line":142,"column":19},"end":{"line":142,"column":48}},"30":{"start":{"line":145,"column":4},"end":{"line":169,"column":56}},"31":{"start":{"line":147,"column":19},"end":{"line":147,"column":59}},"32":{"start":{"line":148,"column":19},"end":{"line":148,"column":30}},"33":{"start":{"line":150,"column":6},"end":{"line":150,"column":28}},"34":{"start":{"line":152,"column":25},"end":{"line":152,"column":49}},"35":{"start":{"line":154,"column":6},"end":{"line":161,"column":7}},"36":{"start":{"line":155,"column":8},"end":{"line":160,"column":9}},"37":{"start":{"line":155,"column":25},"end":{"line":155,"column":26}},"38":{"start":{"line":156,"column":10},"end":{"line":159,"column":11}},"39":{"start":{"line":157,"column":12},"end":{"line":157,"column":32}},"40":{"start":{"line":158,"column":12},"end":{"line":158,"column":18}},"41":{"start":{"line":163,"column":6},"end":{"line":166,"column":7}},"42":{"start":{"line":164,"column":8},"end":{"line":164,"column":24}},"43":{"start":{"line":165,"column":8},"end":{"line":165,"column":48}},"44":{"start":{"line":168,"column":6},"end":{"line":168,"column":24}},"45":{"start":{"line":175,"column":25},"end":{"line":175,"column":42}},"46":{"start":{"line":177,"column":4},"end":{"line":182,"column":5}},"47":{"start":{"line":178,"column":6},"end":{"line":181,"column":34}},"48":{"start":{"line":181,"column":11},"end":{"line":181,"column":33}},"49":{"start":{"line":184,"column":4},"end":{"line":193,"column":5}},"50":{"start":{"line":185,"column":6},"end":{"line":192,"column":8}},"51":{"start":{"line":189,"column":24},"end":{"line":189,"column":44}},"52":{"start":{"line":191,"column":8},"end":{"line":191,"column":56}},"53":{"start":{"line":195,"column":4},"end":{"line":197,"column":6}},"54":{"start":{"line":211,"column":17},"end":{"line":211,"column":26}},"55":{"start":{"line":214,"column":4},"end":{"line":221,"column":56}},"56":{"start":{"line":216,"column":19},"end":{"line":216,"column":59}},"57":{"start":{"line":218,"column":6},"end":{"line":218,"column":28}},"58":{"start":{"line":220,"column":6},"end":{"line":220,"column":40}},"59":{"start":{"line":239,"column":25},"end":{"line":239,"column":42}},"60":{"start":{"line":241,"column":4},"end":{"line":246,"column":7}},"61":{"start":{"line":244,"column":34},"end":{"line":244,"column":46}}},"fnMap":{"0":{"name":"applyErrorToAction","decl":{"start":{"line":19,"column":9},"end":{"line":19,"column":27}},"loc":{"start":{"line":19,"column":51},"end":{"line":25,"column":1}},"line":19},"1":{"name":"isStrictlyEqual","decl":{"start":{"line":34,"column":9},"end":{"line":34,"column":24}},"loc":{"start":{"line":34,"column":41},"end":{"line":36,"column":1}},"line":34},"2":{"name":"(anonymous_2)","decl":{"start":{"line":42,"column":2},"end":{"line":42,"column":3}},"loc":{"start":{"line":42,"column":61},"end":{"line":58,"column":3}},"line":42},"3":{"name":"(anonymous_3)","decl":{"start":{"line":74,"column":2},"end":{"line":74,"column":3}},"loc":{"start":{"line":78,"column":4},"end":{"line":125,"column":3}},"line":78},"4":{"name":"(anonymous_4)","decl":{"start":{"line":89,"column":24},"end":{"line":89,"column":25}},"loc":{"start":{"line":89,"column":36},"end":{"line":95,"column":9}},"line":89},"5":{"name":"(anonymous_5)","decl":{"start":{"line":97,"column":24},"end":{"line":97,"column":25}},"loc":{"start":{"line":97,"column":36},"end":{"line":102,"column":9}},"line":97},"6":{"name":"(anonymous_6)","decl":{"start":{"line":105,"column":22},"end":{"line":105,"column":23}},"loc":{"start":{"line":105,"column":34},"end":{"line":110,"column":7}},"line":105},"7":{"name":"(anonymous_7)","decl":{"start":{"line":112,"column":22},"end":{"line":112,"column":23}},"loc":{"start":{"line":112,"column":34},"end":{"line":114,"column":7}},"line":112},"8":{"name":"(anonymous_8)","decl":{"start":{"line":134,"column":2},"end":{"line":134,"column":3}},"loc":{"start":{"line":137,"column":4},"end":{"line":170,"column":3}},"line":137},"9":{"name":"(anonymous_9)","decl":{"start":{"line":145,"column":11},"end":{"line":145,"column":12}},"loc":{"start":{"line":145,"column":54},"end":{"line":169,"column":5}},"line":145},"10":{"name":"(anonymous_10)","decl":{"start":{"line":172,"column":2},"end":{"line":172,"column":3}},"loc":{"start":{"line":174,"column":4},"end":{"line":198,"column":3}},"line":174},"11":{"name":"(anonymous_11)","decl":{"start":{"line":178,"column":13},"end":{"line":178,"column":14}},"loc":{"start":{"line":181,"column":11},"end":{"line":181,"column":33}},"line":181},"12":{"name":"(anonymous_12)","decl":{"start":{"line":185,"column":13},"end":{"line":185,"column":14}},"loc":{"start":{"line":188,"column":11},"end":{"line":192,"column":7}},"line":188},"13":{"name":"(anonymous_13)","decl":{"start":{"line":206,"column":2},"end":{"line":206,"column":3}},"loc":{"start":{"line":208,"column":4},"end":{"line":222,"column":3}},"line":208},"14":{"name":"(anonymous_14)","decl":{"start":{"line":214,"column":11},"end":{"line":214,"column":12}},"loc":{"start":{"line":214,"column":54},"end":{"line":221,"column":5}},"line":214},"15":{"name":"(anonymous_15)","decl":{"start":{"line":224,"column":2},"end":{"line":224,"column":3}},"loc":{"start":{"line":238,"column":5},"end":{"line":247,"column":3}},"line":238},"16":{"name":"(anonymous_16)","decl":{"start":{"line":244,"column":28},"end":{"line":244,"column":29}},"loc":{"start":{"line":244,"column":34},"end":{"line":244,"column":46}},"line":244}},"branchMap":{"0":{"loc":{"start":{"line":20,"column":2},"end":{"line":22,"column":3}},"type":"if","locations":[{"start":{"line":20,"column":2},"end":{"line":22,"column":3}},{"start":{"line":20,"column":2},"end":{"line":22,"column":3}}],"line":20},"1":{"loc":{"start":{"line":42,"column":26},"end":{"line":42,"column":59}},"type":"default-arg","locations":[{"start":{"line":42,"column":48},"end":{"line":42,"column":59}}],"line":42},"2":{"loc":{"start":{"line":43,"column":4},"end":{"line":47,"column":5}},"type":"if","locations":[{"start":{"line":43,"column":4},"end":{"line":47,"column":5}},{"start":{"line":43,"column":4},"end":{"line":47,"column":5}}],"line":43},"3":{"loc":{"start":{"line":87,"column":4},"end":{"line":115,"column":5}},"type":"if","locations":[{"start":{"line":87,"column":4},"end":{"line":115,"column":5}},{"start":{"line":87,"column":4},"end":{"line":115,"column":5}}],"line":87},"4":{"loc":{"start":{"line":88,"column":6},"end":{"line":103,"column":7}},"type":"if","locations":[{"start":{"line":88,"column":6},"end":{"line":103,"column":7}},{"start":{"line":88,"column":6},"end":{"line":103,"column":7}}],"line":88},"5":{"loc":{"start":{"line":104,"column":11},"end":{"line":115,"column":5}},"type":"if","locations":[{"start":{"line":104,"column":11},"end":{"line":115,"column":5}},{"start":{"line":104,"column":11},"end":{"line":115,"column":5}}],"line":104},"6":{"loc":{"start":{"line":136,"column":4},"end":{"line":136,"column":29}},"type":"default-arg","locations":[{"start":{"line":136,"column":14},"end":{"line":136,"column":29}}],"line":136},"7":{"loc":{"start":{"line":154,"column":6},"end":{"line":161,"column":7}},"type":"if","locations":[{"start":{"line":154,"column":6},"end":{"line":161,"column":7}},{"start":{"line":154,"column":6},"end":{"line":161,"column":7}}],"line":154},"8":{"loc":{"start":{"line":156,"column":10},"end":{"line":159,"column":11}},"type":"if","locations":[{"start":{"line":156,"column":10},"end":{"line":159,"column":11}},{"start":{"line":156,"column":10},"end":{"line":159,"column":11}}],"line":156},"9":{"loc":{"start":{"line":163,"column":6},"end":{"line":166,"column":7}},"type":"if","locations":[{"start":{"line":163,"column":6},"end":{"line":166,"column":7}},{"start":{"line":163,"column":6},"end":{"line":166,"column":7}}],"line":163},"10":{"loc":{"start":{"line":177,"column":4},"end":{"line":182,"column":5}},"type":"if","locations":[{"start":{"line":177,"column":4},"end":{"line":182,"column":5}},{"start":{"line":177,"column":4},"end":{"line":182,"column":5}}],"line":177},"11":{"loc":{"start":{"line":179,"column":8},"end":{"line":179,"column":35}},"type":"default-arg","locations":[{"start":{"line":179,"column":23},"end":{"line":179,"column":35}}],"line":179},"12":{"loc":{"start":{"line":184,"column":4},"end":{"line":193,"column":5}},"type":"if","locations":[{"start":{"line":184,"column":4},"end":{"line":193,"column":5}},{"start":{"line":184,"column":4},"end":{"line":193,"column":5}}],"line":184},"13":{"loc":{"start":{"line":184,"column":8},"end":{"line":184,"column":55}},"type":"binary-expr","locations":[{"start":{"line":184,"column":8},"end":{"line":184,"column":35}},{"start":{"line":184,"column":39},"end":{"line":184,"column":55}}],"line":184},"14":{"loc":{"start":{"line":186,"column":8},"end":{"line":186,"column":35}},"type":"default-arg","locations":[{"start":{"line":186,"column":23},"end":{"line":186,"column":35}}],"line":186},"15":{"loc":{"start":{"line":191,"column":15},"end":{"line":191,"column":55}},"type":"cond-expr","locations":[{"start":{"line":191,"column":25},"end":{"line":191,"column":47}},{"start":{"line":191,"column":50},"end":{"line":191,"column":55}}],"line":191},"16":{"loc":{"start":{"line":244,"column":15},"end":{"line":244,"column":77}},"type":"binary-expr","locations":[{"start":{"line":244,"column":15},"end":{"line":244,"column":22}},{"start":{"line":244,"column":27},"end":{"line":244,"column":76}}],"line":244}},"s":{"0":3,"1":5,"2":2,"3":5,"4":9,"5":12,"6":1,"7":11,"8":11,"9":11,"10":11,"11":11,"12":11,"13":11,"14":14,"15":14,"16":5,"17":2,"18":2,"19":3,"20":3,"21":9,"22":1,"23":1,"24":8,"25":5,"26":14,"27":14,"28":8,"29":8,"30":8,"31":14,"32":14,"33":14,"34":14,"35":14,"36":6,"37":6,"38":9,"39":2,"40":2,"41":14,"42":10,"43":10,"44":14,"45":8,"46":8,"47":4,"48":3,"49":4,"50":3,"51":7,"52":7,"53":1,"54":7,"55":7,"56":6,"57":6,"58":6,"59":5,"60":5,"61":1},"f":{"0":5,"1":9,"2":12,"3":14,"4":2,"5":3,"6":1,"7":5,"8":8,"9":14,"10":8,"11":3,"12":7,"13":7,"14":6,"15":5,"16":1},"b":{"0":[2,3],"1":[3],"2":[1,11],"3":[5,9],"4":[2,3],"5":[1,8],"6":[8],"7":[6,8],"8":[2,7],"9":[10,4],"10":[4,4],"11":[2],"12":[3,1],"13":[4,4],"14":[4],"15":[3,4],"16":[5,3]},"_coverageSchema":"1a1c01bbd47fc00a2c39e90264f33305004495a9","hash":"105a5a36c7a36d8ce9f4363160f00b9a23304881"}
,"/home/planttheidea/git/redux-slices/src/index.ts": {"path":"/home/planttheidea/git/redux-slices/src/index.ts","statementMap":{"0":{"start":{"line":12,"column":34},"end":{"line":18,"column":41}},"1":{"start":{"line":18,"column":5},"end":{"line":18,"column":41}}},"fnMap":{"0":{"name":"(anonymous_0)","decl":{"start":{"line":12,"column":34},"end":{"line":12,"column":35}},"loc":{"start":{"line":18,"column":5},"end":{"line":18,"column":41}},"line":18}},"branchMap":{},"s":{"0":1,"1":3},"f":{"0":3},"b":{},"_coverageSchema":"1a1c01bbd47fc00a2c39e90264f33305004495a9","hash":"3b52913ae9a6f8e4ca8d843877e28d09a8b4cc2e"}
}
