TN:
SF:src/Slice.ts
FN:15,applyErrorToAction
FN:30,isStrictlyEqual
FN:38,(anonymous_2)
FN:69,(anonymous_3)
FN:84,(anonymous_4)
FN:92,(anonymous_5)
FN:100,(anonymous_6)
FN:107,(anonymous_7)
FN:129,(anonymous_8)
FN:140,(anonymous_9)
FN:167,(anonymous_10)
FN:173,(anonymous_11)
FN:180,(anonymous_12)
FN:201,(anonymous_13)
FN:209,(anonymous_14)
FNF:15
FNH:15
FNDA:5,applyErrorToAction
FNDA:9,isStrictlyEqual
FNDA:10,(anonymous_2)
FNDA:13,(anonymous_3)
FNDA:2,(anonymous_4)
FNDA:3,(anonymous_5)
FNDA:1,(anonymous_6)
FNDA:5,(anonymous_7)
FNDA:8,(anonymous_8)
FNDA:14,(anonymous_9)
FNDA:6,(anonymous_10)
FNDA:3,(anonymous_11)
FNDA:7,(anonymous_12)
FNDA:6,(anonymous_13)
FNDA:6,(anonymous_14)
DA:13,2
DA:16,5
DA:17,2
DA:20,5
DA:31,9
DA:39,10
DA:40,1
DA:46,9
DA:47,9
DA:48,9
DA:49,9
DA:51,9
DA:52,9
DA:74,13
DA:82,13
DA:83,5
DA:84,2
DA:85,2
DA:92,3
DA:93,3
DA:99,8
DA:100,1
DA:101,1
DA:107,7
DA:108,5
DA:113,13
DA:115,13
DA:135,8
DA:137,8
DA:140,8
DA:142,14
DA:143,14
DA:145,14
DA:147,14
DA:149,14
DA:150,6
DA:151,9
DA:152,2
DA:153,2
DA:158,14
DA:159,10
DA:160,10
DA:163,14
DA:170,6
DA:172,6
DA:173,2
DA:176,3
DA:179,4
DA:180,3
DA:184,7
DA:186,7
DA:190,1
DA:206,6
DA:209,6
DA:211,6
DA:213,6
DA:215,6
LF:57
LH:57
BRDA:16,0,0,2
BRDA:16,0,1,3
BRDA:38,1,0,3
BRDA:39,2,0,1
BRDA:39,2,1,9
BRDA:82,3,0,5
BRDA:82,3,1,8
BRDA:83,4,0,2
BRDA:83,4,1,3
BRDA:99,5,0,1
BRDA:99,5,1,7
BRDA:131,6,0,8
BRDA:149,7,0,6
BRDA:149,7,1,8
BRDA:151,8,0,2
BRDA:151,8,1,7
BRDA:158,9,0,10
BRDA:158,9,1,4
BRDA:172,10,0,2
BRDA:172,10,1,4
BRDA:174,11,0,2
BRDA:179,12,0,3
BRDA:179,12,1,1
BRDA:179,13,0,4
BRDA:179,13,1,4
BRDA:181,14,0,4
BRDA:186,15,0,3
BRDA:186,15,1,4
BRF:28
BRH:28
end_of_record
TN:
SF:src/index.ts
FN:12,createSlice
FNF:1
FNH:1
FNDA:3,createSlice
DA:16,3
LF:1
LH:1
BRF:0
BRH:0
end_of_record
