TN:
SF:src/Slice.ts
FN:22,(anonymous_0)
FNF:1
FNH:1
FNDA:7,(anonymous_0)
DA:28,7
DA:29,7
DA:30,7
DA:31,7
DA:33,7
LF:5
LH:5
BRDA:28,0,0,7
BRDA:28,0,1,4
BRDA:31,1,0,7
BRDA:31,1,1,4
BRF:4
BRH:4
end_of_record
TN:
SF:src/SliceBuilder.ts
FN:19,applyErrorToAction
FN:34,isStrictlyEqual
FN:42,(anonymous_2)
FN:74,(anonymous_3)
FN:89,(anonymous_4)
FN:97,(anonymous_5)
FN:105,(anonymous_6)
FN:112,(anonymous_7)
FN:134,(anonymous_8)
FN:145,(anonymous_9)
FN:172,(anonymous_10)
FN:178,(anonymous_11)
FN:185,(anonymous_12)
FN:206,(anonymous_13)
FN:214,(anonymous_14)
FN:224,(anonymous_15)
FN:244,(anonymous_16)
FNF:17
FNH:17
FNDA:5,applyErrorToAction
FNDA:9,isStrictlyEqual
FNDA:12,(anonymous_2)
FNDA:14,(anonymous_3)
FNDA:2,(anonymous_4)
FNDA:3,(anonymous_5)
FNDA:1,(anonymous_6)
FNDA:5,(anonymous_7)
FNDA:8,(anonymous_8)
FNDA:14,(anonymous_9)
FNDA:8,(anonymous_10)
FNDA:3,(anonymous_11)
FNDA:7,(anonymous_12)
FNDA:7,(anonymous_13)
FNDA:6,(anonymous_14)
FNDA:5,(anonymous_15)
FNDA:1,(anonymous_16)
DA:17,3
DA:20,5
DA:21,2
DA:24,5
DA:35,9
DA:43,12
DA:44,1
DA:50,11
DA:51,11
DA:52,11
DA:53,11
DA:54,11
DA:56,11
DA:57,11
DA:79,14
DA:87,14
DA:88,5
DA:89,2
DA:90,2
DA:97,3
DA:98,3
DA:104,9
DA:105,1
DA:106,1
DA:112,8
DA:113,5
DA:118,14
DA:120,14
DA:140,8
DA:142,8
DA:145,8
DA:147,14
DA:148,14
DA:150,14
DA:152,14
DA:154,14
DA:155,6
DA:156,9
DA:157,2
DA:158,2
DA:163,14
DA:164,10
DA:165,10
DA:168,14
DA:175,8
DA:177,8
DA:178,4
DA:181,3
DA:184,4
DA:185,3
DA:189,7
DA:191,7
DA:195,1
DA:211,7
DA:214,7
DA:216,6
DA:218,6
DA:220,6
DA:239,5
DA:241,5
DA:244,1
LF:61
LH:61
BRDA:20,0,0,2
BRDA:20,0,1,3
BRDA:42,1,0,3
BRDA:43,2,0,1
BRDA:43,2,1,11
BRDA:87,3,0,5
BRDA:87,3,1,9
BRDA:88,4,0,2
BRDA:88,4,1,3
BRDA:104,5,0,1
BRDA:104,5,1,8
BRDA:136,6,0,8
BRDA:154,7,0,6
BRDA:154,7,1,8
BRDA:156,8,0,2
BRDA:156,8,1,7
BRDA:163,9,0,10
BRDA:163,9,1,4
BRDA:177,10,0,4
BRDA:177,10,1,4
BRDA:179,11,0,2
BRDA:184,12,0,3
BRDA:184,12,1,1
BRDA:184,13,0,4
BRDA:184,13,1,4
BRDA:186,14,0,4
BRDA:191,15,0,3
BRDA:191,15,1,4
BRDA:244,16,0,5
BRDA:244,16,1,3
BRF:30
BRH:30
end_of_record
TN:
SF:src/index.ts
FN:12,(anonymous_0)
FNF:1
FNH:1
FNDA:3,(anonymous_0)
DA:12,1
DA:18,3
LF:2
LH:2
BRF:0
BRH:0
end_of_record
